[1031/123036:INFO:CONSOLE(0)] "less: parsed file:///D:/Outils/Soft/brackets-sprint-12/brackets/src/styles/brackets.less successfully.," source: file:///D:/Outils/Soft/brackets-sprint-12/brackets/src/thirdparty/less-1.3.0.min.js(8)
[1031/123036:INFO:CONSOLE(0)] "less: css for file:///D:/Outils/Soft/brackets-sprint-12/brackets/src/styles/brackets.less generated in 842ms," source: file:///D:/Outils/Soft/brackets-sprint-12/brackets/src/thirdparty/less-1.3.0.min.js(8)
[1031/123036:INFO:CONSOLE(0)] "less: css generated in 842ms," source: file:///D:/Outils/Soft/brackets-sprint-12/brackets/src/thirdparty/less-1.3.0.min.js(8)
[1115/092828:INFO:CONSOLE(0)] "less: parsed file:///D:/Outils/Soft/brackets-sprint-12/brackets/src/styles/brackets.less successfully.," source: file:///D:/Outils/Soft/brackets-sprint-12/brackets/src/thirdparty/less-1.3.0.min.js(8)
[1115/092828:INFO:CONSOLE(0)] "less: css for file:///D:/Outils/Soft/brackets-sprint-12/brackets/src/styles/brackets.less generated in 380ms," source: file:///D:/Outils/Soft/brackets-sprint-12/brackets/src/thirdparty/less-1.3.0.min.js(8)
[1115/092828:INFO:CONSOLE(0)] "less: css generated in 380ms," source: file:///D:/Outils/Soft/brackets-sprint-12/brackets/src/thirdparty/less-1.3.0.min.js(8)
[1115/092832:INFO:CONSOLE(0)] "[Extension] starting to load extensions/default/HTMLCodeHints," source: file:///D:/Outils/Soft/brackets-sprint-12/brackets/src/utils/ExtensionLoader.js(71)
[1115/092832:INFO:CONSOLE(0)] "[Extension] starting to load extensions/default/JavaScriptQuickEdit," source: file:///D:/Outils/Soft/brackets-sprint-12/brackets/src/utils/ExtensionLoader.js(71)
[1115/092832:INFO:CONSOLE(0)] "[Extension] starting to load extensions/default/QuickOpenCSS," source: file:///D:/Outils/Soft/brackets-sprint-12/brackets/src/utils/ExtensionLoader.js(71)
[1115/092832:INFO:CONSOLE(0)] "[Extension] starting to load extensions/default/QuickOpenHTML," source: file:///D:/Outils/Soft/brackets-sprint-12/brackets/src/utils/ExtensionLoader.js(71)
[1115/092832:INFO:CONSOLE(0)] "[Extension] starting to load extensions/default/QuickOpenJavaScript," source: file:///D:/Outils/Soft/brackets-sprint-12/brackets/src/utils/ExtensionLoader.js(71)
[1115/092833:INFO:CONSOLE(0)] "[Extension] starting to load extensions/user/brackets-recent-projects," source: file:///D:/Outils/Soft/brackets-sprint-12/brackets/src/utils/ExtensionLoader.js(71)
[1115/092833:INFO:CONSOLE(0)] "[Extension] finished loading extensions/default/JavaScriptQuickEdit," source: file:///D:/Outils/Soft/brackets-sprint-12/brackets/src/utils/ExtensionLoader.js(74)
[1115/092833:INFO:CONSOLE(0)] "[Extension] finished loading extensions/default/QuickOpenCSS," source: file:///D:/Outils/Soft/brackets-sprint-12/brackets/src/utils/ExtensionLoader.js(74)
[1115/092833:INFO:CONSOLE(0)] "[Extension] finished loading extensions/default/QuickOpenHTML," source: file:///D:/Outils/Soft/brackets-sprint-12/brackets/src/utils/ExtensionLoader.js(74)
[1115/092833:INFO:CONSOLE(0)] "[Extension] finished loading extensions/default/QuickOpenJavaScript," source: file:///D:/Outils/Soft/brackets-sprint-12/brackets/src/utils/ExtensionLoader.js(74)
[1115/092833:INFO:CONSOLE(0)] "[Extension] finished loading extensions/user/brackets-recent-projects," source: file:///D:/Outils/Soft/brackets-sprint-12/brackets/src/utils/ExtensionLoader.js(74)
[1115/092833:INFO:CONSOLE(0)] "[Extension] finished loading extensions/default/HTMLCodeHints," source: file:///D:/Outils/Soft/brackets-sprint-12/brackets/src/utils/ExtensionLoader.js(74)
[1205/102340:INFO:CONSOLE(0)] "less: parsed file:///D:/Outils/Soft/brackets-sprint-12/brackets/src/styles/brackets.less successfully.," source: file:///D:/Outils/Soft/brackets-sprint-12/brackets/src/thirdparty/less-1.3.0.min.js(8)
[1205/102340:INFO:CONSOLE(0)] "less: css for file:///D:/Outils/Soft/brackets-sprint-12/brackets/src/styles/brackets.less generated in 518ms," source: file:///D:/Outils/Soft/brackets-sprint-12/brackets/src/thirdparty/less-1.3.0.min.js(8)
[1205/102340:INFO:CONSOLE(0)] "less: css generated in 520ms," source: file:///D:/Outils/Soft/brackets-sprint-12/brackets/src/thirdparty/less-1.3.0.min.js(8)
[1205/102346:INFO:CONSOLE(0)] "[Extension] starting to load extensions/default/HTMLCodeHints," source: file:///D:/Outils/Soft/brackets-sprint-12/brackets/src/utils/ExtensionLoader.js(71)
[1205/102346:INFO:CONSOLE(0)] "[Extension] starting to load extensions/default/JavaScriptQuickEdit," source: file:///D:/Outils/Soft/brackets-sprint-12/brackets/src/utils/ExtensionLoader.js(71)
[1205/102346:INFO:CONSOLE(0)] "[Extension] starting to load extensions/default/QuickOpenCSS," source: file:///D:/Outils/Soft/brackets-sprint-12/brackets/src/utils/ExtensionLoader.js(71)
[1205/102346:INFO:CONSOLE(0)] "[Extension] starting to load extensions/default/QuickOpenHTML," source: file:///D:/Outils/Soft/brackets-sprint-12/brackets/src/utils/ExtensionLoader.js(71)
[1205/102346:INFO:CONSOLE(0)] "[Extension] starting to load extensions/default/QuickOpenJavaScript," source: file:///D:/Outils/Soft/brackets-sprint-12/brackets/src/utils/ExtensionLoader.js(71)
[1205/102346:INFO:CONSOLE(0)] "[Extension] starting to load extensions/user/brackets-recent-projects," source: file:///D:/Outils/Soft/brackets-sprint-12/brackets/src/utils/ExtensionLoader.js(71)
[1205/102346:INFO:CONSOLE(0)] "[Extension] finished loading extensions/default/JavaScriptQuickEdit," source: file:///D:/Outils/Soft/brackets-sprint-12/brackets/src/utils/ExtensionLoader.js(74)
[1205/102346:INFO:CONSOLE(0)] "[Extension] finished loading extensions/default/QuickOpenCSS," source: file:///D:/Outils/Soft/brackets-sprint-12/brackets/src/utils/ExtensionLoader.js(74)
[1205/102346:INFO:CONSOLE(0)] "[Extension] finished loading extensions/default/QuickOpenHTML," source: file:///D:/Outils/Soft/brackets-sprint-12/brackets/src/utils/ExtensionLoader.js(74)
[1205/102346:INFO:CONSOLE(0)] "[Extension] finished loading extensions/default/QuickOpenJavaScript," source: file:///D:/Outils/Soft/brackets-sprint-12/brackets/src/utils/ExtensionLoader.js(74)
[1205/102346:INFO:CONSOLE(0)] "[Extension] finished loading extensions/user/brackets-recent-projects," source: file:///D:/Outils/Soft/brackets-sprint-12/brackets/src/utils/ExtensionLoader.js(74)
[1205/102346:INFO:CONSOLE(0)] "[Extension] finished loading extensions/default/HTMLCodeHints," source: file:///D:/Outils/Soft/brackets-sprint-12/brackets/src/utils/ExtensionLoader.js(74)
[1216/171441:INFO:CONSOLE(0)] "less: parsed file:///D:/Outils/Soft/brackets-sprint-12/brackets/src/styles/brackets.less successfully.," source: file:///D:/Outils/Soft/brackets-sprint-12/brackets/src/thirdparty/less-1.3.0.min.js(8)
[1216/171441:INFO:CONSOLE(0)] "less: css for file:///D:/Outils/Soft/brackets-sprint-12/brackets/src/styles/brackets.less generated in 624ms," source: file:///D:/Outils/Soft/brackets-sprint-12/brackets/src/thirdparty/less-1.3.0.min.js(8)
[1216/171441:INFO:CONSOLE(0)] "less: css generated in 624ms," source: file:///D:/Outils/Soft/brackets-sprint-12/brackets/src/thirdparty/less-1.3.0.min.js(8)
